CREATE SCHEMA
CREATE TABLE
CREATE TABLE
CREATE TABLE
CREATE TABLE
CREATE TABLE
CREATE TABLE
CREATE TABLE
CREATE TABLE
CREATE TABLE
CREATE INDEX
CREATE INDEX
CREATE INDEX
CREATE INDEX
CREATE INDEX
CREATE INDEX
CREATE INDEX
CREATE INDEX
psql:cpf-ddl-con.sql:4: NOTICE:  ALTER TABLE / ADD PRIMARY KEY will create implicit index "cpf_ugp_pk" for table "cpf_user_group_permissions"
ALTER TABLE
psql:cpf-ddl-con.sql:8: NOTICE:  ALTER TABLE / ADD PRIMARY KEY will create implicit index "cpf_bjrs_pk" for table "cpf_batch_job_results"
ALTER TABLE
psql:cpf-ddl-con.sql:12: NOTICE:  ALTER TABLE / ADD PRIMARY KEY will create implicit index "cpf_bjrq_pk" for table "cpf_batch_job_requests"
ALTER TABLE
psql:cpf-ddl-con.sql:16: NOTICE:  ALTER TABLE / ADD PRIMARY KEY will create implicit index "cpf_as_pk" for table "cpf_application_statistics"
ALTER TABLE
psql:cpf-ddl-con.sql:20: NOTICE:  ALTER TABLE / ADD PRIMARY KEY will create implicit index "cpf_bj_pk" for table "cpf_batch_jobs"
ALTER TABLE
psql:cpf-ddl-con.sql:25: NOTICE:  ALTER TABLE / ADD PRIMARY KEY will create implicit index "cpf_ugax_pk" for table "cpf_user_group_account_xref"
ALTER TABLE
psql:cpf-ddl-con.sql:29: NOTICE:  ALTER TABLE / ADD PRIMARY KEY will create implicit index "cpf_ua_pk" for table "cpf_user_accounts"
ALTER TABLE
psql:cpf-ddl-con.sql:33: NOTICE:  ALTER TABLE / ADD PRIMARY KEY will create implicit index "cpf_cp_pk" for table "cpf_config_properties"
ALTER TABLE
psql:cpf-ddl-con.sql:37: NOTICE:  ALTER TABLE / ADD PRIMARY KEY will create implicit index "cpf_ug_pk" for table "cpf_user_groups"
ALTER TABLE
psql:cpf-ddl-con.sql:42: NOTICE:  ALTER TABLE / ADD UNIQUE will create implicit index "cpf_ua_uk2" for table "cpf_user_accounts"
ALTER TABLE
psql:cpf-ddl-con.sql:47: NOTICE:  ALTER TABLE / ADD UNIQUE will create implicit index "cpf_ua_uk1" for table "cpf_user_accounts"
ALTER TABLE
ALTER TABLE
ALTER TABLE
ALTER TABLE
ALTER TABLE
ALTER TABLE
ALTER TABLE
ALTER TABLE
CREATE SEQUENCE
CREATE SEQUENCE
CREATE SEQUENCE
CREATE SEQUENCE
CREATE SEQUENCE
CREATE SEQUENCE
CREATE SEQUENCE
CREATE SEQUENCE
psql:cpf-ddl-grt.sql:3: WARNING:  sequence "cpf_bjrs_seq" only supports USAGE, SELECT, and UPDATE privileges
GRANT
psql:cpf-ddl-grt.sql:5: WARNING:  sequence "cpf_cp_seq" only supports USAGE, SELECT, and UPDATE privileges
GRANT
GRANT
psql:cpf-ddl-grt.sql:9: WARNING:  sequence "cpf_bjrq_seq" only supports USAGE, SELECT, and UPDATE privileges
GRANT
psql:cpf-ddl-grt.sql:11: WARNING:  sequence "cpf_ug_seq" only supports USAGE, SELECT, and UPDATE privileges
GRANT
psql:cpf-ddl-grt.sql:13: WARNING:  sequence "cpf_ua_seq" only supports USAGE, SELECT, and UPDATE privileges
GRANT
psql:cpf-ddl-grt.sql:15: WARNING:  sequence "cpf_ugp_seq" only supports USAGE, SELECT, and UPDATE privileges
GRANT
psql:cpf-ddl-grt.sql:17: WARNING:  sequence "cpf_bj_seq" only supports USAGE, SELECT, and UPDATE privileges
GRANT
GRANT
GRANT
GRANT
GRANT
GRANT
GRANT
GRANT
GRANT
GRANT
GRANT
GRANT
GRANT
GRANT
GRANT
INSERT 0 1
INSERT 0 1
INSERT 0 1
INSERT 0 1
INSERT 0 1
INSERT 0 1
INSERT 0 1
GRANT
