Creating Table 'CPF_USER_GROUP_PERMISSIONS'

Table created.


Comment created.


Comment created.


Comment created.


Comment created.


Comment created.


Comment created.


Comment created.


Comment created.


Comment created.


Comment created.


Comment created.


Comment created.

Creating Table 'CPF_BATCH_JOB_RESULTS'

Table created.


Comment created.


Comment created.


Comment created.


Comment created.


Comment created.


Comment created.


Comment created.


Comment created.


Comment created.


Comment created.


Comment created.


Comment created.


Comment created.


Comment created.

Creating Table 'CPF_BATCH_JOB_REQUESTS'

Table created.


Comment created.


Comment created.


Comment created.


Comment created.


Comment created.


Comment created.


Comment created.


Comment created.


Comment created.


Comment created.


Comment created.


Comment created.


Comment created.


Comment created.


Comment created.


Comment created.


Comment created.


Comment created.


Comment created.


Comment created.


Comment created.

Creating Table 'CPF_APPLICATION_STATISTICS'

Table created.


Comment created.


Comment created.


Comment created.


Comment created.


Comment created.


Comment created.

Creating Table 'CPF_BATCH_JOBS'

Table created.


Comment created.


Comment created.


Comment created.


Comment created.


Comment created.


Comment created.


Comment created.


Comment created.


Comment created.


Comment created.


Comment created.


Comment created.


Comment created.


Comment created.


Comment created.


Comment created.


Comment created.


Comment created.


Comment created.


Comment created.


Comment created.


Comment created.


Comment created.


Comment created.

Creating Table 'CPF_USER_GROUP_ACCOUNT_XREF'

Table created.


Comment created.


Comment created.


Comment created.

Creating Table 'CPF_USER_ACCOUNTS'

Table created.


Comment created.


Comment created.


Comment created.


Comment created.


Comment created.


Comment created.


Comment created.


Comment created.


Comment created.


Comment created.


Comment created.

Creating Table 'CPF_CONFIG_PROPERTIES'

Table created.


Comment created.


Comment created.


Comment created.


Comment created.


Comment created.


Comment created.


Comment created.


Comment created.


Comment created.


Comment created.


Comment created.


Comment created.

Creating Table 'CPF_USER_GROUPS'

Table created.


Comment created.


Comment created.


Comment created.


Comment created.


Comment created.


Comment created.


Comment created.


Comment created.


Comment created.


Comment created.

Creating Index 'CPF_UGP_CPF_UG_FK_I'

Index created.

Creating Index 'CPF_BJRS_CPF_BJ_FK_I'

Index created.

Creating Index 'CPF_BJRS_CPF_BJRQ_FK_I'

Index created.

Creating Index 'CPF_BJRQ_CPF_BJ_FK_I'

Index created.

Creating Index 'CPF_BJRQ_BJ_ID_STARTED_I'

Index created.

Creating Index 'CPF_BJ_STATUS_APP_NAME_I'

Index created.

Creating Index 'CPF_UGAX_CPF_UG_FK_I'

Index created.

Creating Index 'CPF_UGAX_CPF_UA_FK_I'

Index created.

Creating Primary Key on 'CPF_USER_GROUP_PERMISSIONS'

Table altered.

Creating Primary Key on 'CPF_BATCH_JOB_RESULTS'

Table altered.

Creating Primary Key on 'CPF_BATCH_JOB_REQUESTS'

Table altered.

Creating Primary Key on 'CPF_APPLICATION_STATISTICS'

Table altered.

Creating Primary Key on 'CPF_BATCH_JOBS'

Table altered.

Creating Primary Key on 'CPF_USER_GROUP_ACCOUNT_XREF'

Table altered.

Creating Primary Key on 'CPF_USER_ACCOUNTS'

Table altered.

Creating Primary Key on 'CPF_CONFIG_PROPERTIES'

Table altered.

Creating Primary Key on 'CPF_USER_GROUPS'

Table altered.

Creating Unique Key on 'CPF_USER_ACCOUNTS'

Table altered.

Creating Unique Key on 'CPF_USER_ACCOUNTS'

Table altered.

Creating Foreign Key on 'CPF_USER_GROUP_PERMISSIONS'

Table altered.

Creating Foreign Key on 'CPF_BATCH_JOB_RESULTS'

Table altered.

Creating Foreign Key on 'CPF_BATCH_JOB_RESULTS'

Table altered.

Creating Foreign Key on 'CPF_BATCH_JOB_REQUESTS'

Table altered.

Creating Foreign Key on 'CPF_BATCH_JOB_REQUESTS'

Table altered.

Creating Foreign Key on 'CPF_USER_GROUP_ACCOUNT_XREF'

Table altered.

Creating Foreign Key on 'CPF_USER_GROUP_ACCOUNT_XREF'

Table altered.

Creating Sequence 'CPF_CP_SEQ'

Sequence created.

Creating Sequence 'CPF_UA_SEQ'

Sequence created.

Creating Sequence 'CPF_AS_SEQ'

Sequence created.

Creating Sequence 'CPF_UGP_SEQ'

Sequence created.

Creating Sequence 'CPF_UG_SEQ'

Sequence created.

Creating Sequence 'CPF_BJ_SEQ'

Sequence created.

Creating Sequence 'CPF_BJRQ_SEQ'

Sequence created.

Creating Sequence 'CPF_BJRS_SEQ'

Sequence created.

Granting Object Privileges

Grant succeeded.


Grant succeeded.


Grant succeeded.


Grant succeeded.


Grant succeeded.


Grant succeeded.


Grant succeeded.


Grant succeeded.


Grant succeeded.


Grant succeeded.


Grant succeeded.


Grant succeeded.


Grant succeeded.


Grant succeeded.


Grant succeeded.


Grant succeeded.


Grant succeeded.


Grant succeeded.


Grant succeeded.


Grant succeeded.


Grant succeeded.


Grant succeeded.


1 row created.


1 row created.


1 row created.


1 row created.


1 row created.


1 row created.


1 row created.


Grant succeeded.

